Determining if the pthread_create exist failed with the following output:
Change Dir: /home/pgr/catkin_ws/build/CMakeFiles/CMakeTmp

Run Build Command:/usr/bin/make "cmTryCompileExec1236598042/fast"
/usr/bin/make -f CMakeFiles/cmTryCompileExec1236598042.dir/build.make CMakeFiles/cmTryCompileExec1236598042.dir/build
make[1]: se ingresa al directorio «/home/pgr/catkin_ws/build/CMakeFiles/CMakeTmp»
/usr/bin/cmake -E cmake_progress_report /home/pgr/catkin_ws/build/CMakeFiles/CMakeTmp/CMakeFiles 1
Building C object CMakeFiles/cmTryCompileExec1236598042.dir/CheckSymbolExists.c.o
/usr/bin/cc    -o CMakeFiles/cmTryCompileExec1236598042.dir/CheckSymbolExists.c.o   -c /home/pgr/catkin_ws/build/CMakeFiles/CMakeTmp/CheckSymbolExists.c
Linking C executable cmTryCompileExec1236598042
/usr/bin/cmake -E cmake_link_script CMakeFiles/cmTryCompileExec1236598042.dir/link.txt --verbose=1
/usr/bin/cc       CMakeFiles/cmTryCompileExec1236598042.dir/CheckSymbolExists.c.o  -o cmTryCompileExec1236598042 -rdynamic 
CMakeFiles/cmTryCompileExec1236598042.dir/CheckSymbolExists.c.o: En la función `main':
CheckSymbolExists.c:(.text+0x16): referencia a `pthread_create' sin definir
collect2: error: ld returned 1 exit status
make[1]: *** [cmTryCompileExec1236598042] Error 1
make[1]: se sale del directorio «/home/pgr/catkin_ws/build/CMakeFiles/CMakeTmp»
make: *** [cmTryCompileExec1236598042/fast] Error 2

File /home/pgr/catkin_ws/build/CMakeFiles/CMakeTmp/CheckSymbolExists.c:
/* */
#include <pthread.h>

int main(int argc, char** argv)
{
  (void)argv;
#ifndef pthread_create
  return ((int*)(&pthread_create))[argc];
#else
  (void)argc;
  return 0;
#endif
}

Determining if the function pthread_create exists in the pthreads failed with the following output:
Change Dir: /home/pgr/catkin_ws/build/CMakeFiles/CMakeTmp

Run Build Command:/usr/bin/make "cmTryCompileExec2064180064/fast"
/usr/bin/make -f CMakeFiles/cmTryCompileExec2064180064.dir/build.make CMakeFiles/cmTryCompileExec2064180064.dir/build
make[1]: se ingresa al directorio «/home/pgr/catkin_ws/build/CMakeFiles/CMakeTmp»
/usr/bin/cmake -E cmake_progress_report /home/pgr/catkin_ws/build/CMakeFiles/CMakeTmp/CMakeFiles 1
Building C object CMakeFiles/cmTryCompileExec2064180064.dir/CheckFunctionExists.c.o
/usr/bin/cc   -DCHECK_FUNCTION_EXISTS=pthread_create   -o CMakeFiles/cmTryCompileExec2064180064.dir/CheckFunctionExists.c.o   -c /usr/share/cmake-2.8/Modules/CheckFunctionExists.c
Linking C executable cmTryCompileExec2064180064
/usr/bin/cmake -E cmake_link_script CMakeFiles/cmTryCompileExec2064180064.dir/link.txt --verbose=1
/usr/bin/cc   -DCHECK_FUNCTION_EXISTS=pthread_create    CMakeFiles/cmTryCompileExec2064180064.dir/CheckFunctionExists.c.o  -o cmTryCompileExec2064180064 -rdynamic -lpthreads 
/usr/bin/ld: no se puede encontrar -lpthreads
collect2: error: ld returned 1 exit status
make[1]: se sale del directorio «/home/pgr/catkin_ws/build/CMakeFiles/CMakeTmp»
make[1]: *** [cmTryCompileExec2064180064] Error 1
make: *** [cmTryCompileExec2064180064/fast] Error 2


