Determining if the pthread_create exist failed with the following output:
Change Dir: /home/pgr/catkin_ws/build/CMakeFiles/CMakeTmp

Run Build Command:/usr/bin/make "cmTryCompileExec1771231659/fast"
/usr/bin/make -f CMakeFiles/cmTryCompileExec1771231659.dir/build.make CMakeFiles/cmTryCompileExec1771231659.dir/build
make[1]: se ingresa al directorio «/home/pgr/catkin_ws/build/CMakeFiles/CMakeTmp»
/usr/bin/cmake -E cmake_progress_report /home/pgr/catkin_ws/build/CMakeFiles/CMakeTmp/CMakeFiles 1
Building C object CMakeFiles/cmTryCompileExec1771231659.dir/CheckSymbolExists.c.o
/usr/bin/cc    -o CMakeFiles/cmTryCompileExec1771231659.dir/CheckSymbolExists.c.o   -c /home/pgr/catkin_ws/build/CMakeFiles/CMakeTmp/CheckSymbolExists.c
Linking C executable cmTryCompileExec1771231659
/usr/bin/cmake -E cmake_link_script CMakeFiles/cmTryCompileExec1771231659.dir/link.txt --verbose=1
/usr/bin/cc       CMakeFiles/cmTryCompileExec1771231659.dir/CheckSymbolExists.c.o  -o cmTryCompileExec1771231659 -rdynamic 
CMakeFiles/cmTryCompileExec1771231659.dir/CheckSymbolExists.c.o: En la función `main':
CheckSymbolExists.c:(.text+0x16): referencia a `pthread_create' sin definir
collect2: error: ld returned 1 exit status
make[1]: *** [cmTryCompileExec1771231659] Error 1
make[1]: se sale del directorio «/home/pgr/catkin_ws/build/CMakeFiles/CMakeTmp»
make: *** [cmTryCompileExec1771231659/fast] Error 2

File /home/pgr/catkin_ws/build/CMakeFiles/CMakeTmp/CheckSymbolExists.c:
/* */
#include <pthread.h>

int main(int argc, char** argv)
{
  (void)argv;
#ifndef pthread_create
  return ((int*)(&pthread_create))[argc];
#else
  (void)argc;
  return 0;
#endif
}

Determining if the function pthread_create exists in the pthreads failed with the following output:
Change Dir: /home/pgr/catkin_ws/build/CMakeFiles/CMakeTmp

Run Build Command:/usr/bin/make "cmTryCompileExec341697434/fast"
/usr/bin/make -f CMakeFiles/cmTryCompileExec341697434.dir/build.make CMakeFiles/cmTryCompileExec341697434.dir/build
make[1]: se ingresa al directorio «/home/pgr/catkin_ws/build/CMakeFiles/CMakeTmp»
/usr/bin/cmake -E cmake_progress_report /home/pgr/catkin_ws/build/CMakeFiles/CMakeTmp/CMakeFiles 1
Building C object CMakeFiles/cmTryCompileExec341697434.dir/CheckFunctionExists.c.o
/usr/bin/cc   -DCHECK_FUNCTION_EXISTS=pthread_create   -o CMakeFiles/cmTryCompileExec341697434.dir/CheckFunctionExists.c.o   -c /usr/share/cmake-2.8/Modules/CheckFunctionExists.c
Linking C executable cmTryCompileExec341697434
/usr/bin/cmake -E cmake_link_script CMakeFiles/cmTryCompileExec341697434.dir/link.txt --verbose=1
/usr/bin/cc   -DCHECK_FUNCTION_EXISTS=pthread_create    CMakeFiles/cmTryCompileExec341697434.dir/CheckFunctionExists.c.o  -o cmTryCompileExec341697434 -rdynamic -lpthreads 
/usr/bin/ld: no se puede encontrar -lpthreads
collect2: error: ld returned 1 exit status
make[1]: se sale del directorio «/home/pgr/catkin_ws/build/CMakeFiles/CMakeTmp»
make[1]: *** [cmTryCompileExec341697434] Error 1
make: *** [cmTryCompileExec341697434/fast] Error 2


